[2019-01-17 10:12:19,424] - logger.py] - INFO: 即有宝提单开始执行
[2019-01-17 10:12:27,645] - logger.py] - INFO: 连接服务器失败
[2019-01-17 10:12:27,655] - logger.py] - INFO: 订单流程开始
[2019-01-17 10:12:32,752] - logger.py] - INFO: 名称：测试自动化曆弓
[2019-01-17 10:12:32,942] - logger.py] - INFO: 名称：测试自动化曆弓
[2019-01-17 10:12:37,102] - logger.py] - INFO: 连接服务器失败
[2019-01-17 10:12:37,112] - logger.py] - INFO: 订单流程开始
[2019-01-17 10:12:42,122] - logger.py] - INFO: 名称：测试自动化曆弓
[2019-01-17 10:12:42,292] - logger.py] - INFO: 名称：测试自动化曆弓
[2019-01-17 10:17:08,845] - logger.py] - INFO: 即有宝提单开始执行
[2019-01-17 10:17:39,273] - logger.py] - INFO: 连接服务器成功
[2019-01-17 10:17:39,283] - logger.py] - INFO: 订单流程开始
[2019-01-17 10:18:24,620] - logger.py] - INFO: 元素定位失败:'即享贷D'
[2019-01-17 10:18:24,790] - logger.py] - INFO: 名称：测试自动化曆弓
[2019-01-17 10:18:55,367] - logger.py] - INFO: 元素定位失败:'new UiSelector().text("请上传与客户及门店合照")'
[2019-01-17 10:18:55,377] - logger.py] - INFO: 名称：测试自动化曆弓
[2019-01-17 10:19:26,016] - logger.py] - INFO: 元素定位失败:'com.giveu.corder:id/tv_address'
[2019-01-17 10:19:55,715] - logger.py] - INFO: 连接服务器成功
[2019-01-17 10:19:55,725] - logger.py] - INFO: 订单流程开始
[2019-01-17 10:21:12,307] - logger.py] - INFO: 新建订单页面一下一步保存成功！
[2019-01-17 10:21:26,639] - logger.py] - INFO: 新建订单页面二下一步保存成功！
[2019-01-17 10:22:24,688] - logger.py] - INFO: 订单名称：测试自动化麹访 
[2019-01-17 10:22:31,608] - logger.py] - INFO: 订单pr合同号生成异常：None
[2019-01-17 10:22:31,638] - logger.py] - INFO: 名称：测试自动化麹访
[2019-01-17 10:23:02,061] - logger.py] - INFO: 元素定位失败:'new UiSelector().text("请上传与客户及门店合照")'
[2019-01-17 10:23:02,071] - logger.py] - INFO: 名称：测试自动化麹访
[2019-01-17 10:23:32,738] - logger.py] - INFO: 元素定位失败:'new UiSelector().text("请选择...")'
[2019-01-17 10:28:59,551] - logger.py] - INFO: 即有宝提单开始执行
[2019-01-17 10:29:27,072] - logger.py] - INFO: 连接服务器成功
[2019-01-17 10:29:27,082] - logger.py] - INFO: 订单流程开始
[2019-01-17 10:30:12,487] - logger.py] - INFO: 元素定位失败:'即享贷D'
[2019-01-17 10:30:12,537] - logger.py] - INFO: 名称：测试自动化麹访
[2019-01-17 10:30:42,857] - logger.py] - INFO: 元素定位失败:'new UiSelector().text("请上传与客户及门店合照")'
[2019-01-17 10:30:42,867] - logger.py] - INFO: 名称：测试自动化麹访
[2019-01-17 10:31:13,605] - logger.py] - INFO: 元素定位失败:'new UiSelector().text("请选择...")'
[2019-01-17 10:31:38,959] - logger.py] - INFO: 连接服务器成功
[2019-01-17 10:31:38,969] - logger.py] - INFO: 订单流程开始
[2019-01-17 10:33:00,069] - logger.py] - INFO: 新建订单页面一下一步保存成功！
[2019-01-17 10:33:01,262] - logger.py] - INFO: 元素定位失败:'9'
[2019-01-17 10:33:14,730] - logger.py] - INFO: 新建订单页面二下一步保存成功！
[2019-01-17 10:34:06,802] - logger.py] - INFO: 订单名称：测试自动化攝暼 
[2019-01-17 10:34:13,072] - logger.py] - INFO: 订单pr合同号生成成功：None
[2019-01-17 10:34:13,112] - logger.py] - INFO: 名称：测试自动化攝暼
[2019-01-17 10:34:42,730] - logger.py] - INFO: 客户信息页上传照片失败或超时！
[2019-01-17 10:35:13,261] - logger.py] - INFO: 元素定位失败:'new UiSelector().text("获取授权码")'
[2019-01-17 10:35:13,271] - logger.py] - INFO: 名称：测试自动化攝暼
[2019-01-17 10:35:44,062] - logger.py] - INFO: 元素定位失败:'new UiSelector().text("请选择...")'
[2019-01-17 11:29:44,120] - logger.py] - INFO: 即有宝提单开始执行
[2019-01-17 11:31:30,072] - logger.py] - INFO: 即有宝提单开始执行
[2019-01-17 11:32:27,815] - logger.py] - INFO: 即有宝提单开始执行
[2019-01-17 11:33:05,645] - logger.py] - INFO: 连接服务器成功
[2019-01-17 11:33:05,665] - logger.py] - INFO: 订单流程开始
[2019-01-17 11:35:19,326] - logger.py] - INFO: 元素定位失败:'com.giveu.corder:id/tv_choose_right'
[2019-01-17 11:35:19,343] - logger.py] - INFO: 名称：测试自动化攝暼
[2019-01-17 11:35:50,106] - logger.py] - INFO: 元素定位失败:'new UiSelector().text("请上传与客户及门店合照")'
[2019-01-17 11:35:50,119] - logger.py] - INFO: 名称：测试自动化攝暼
[2019-01-17 11:36:20,717] - logger.py] - INFO: 元素定位失败:'new UiSelector().text("请选择...")'
[2019-01-17 11:46:16,123] - logger.py] - INFO: 即有宝提单开始执行
[2019-01-17 11:46:53,007] - logger.py] - INFO: 即有宝提单开始执行
[2019-01-17 11:50:07,373] - logger.py] - INFO: 即有宝提单开始执行
[2019-01-17 11:50:30,596] - logger.py] - INFO: 连接服务器成功
[2019-01-17 11:50:30,610] - logger.py] - INFO: 订单流程开始
[2019-01-17 11:51:51,435] - logger.py] - INFO: 新建订单页面一下一步保存成功！
[2019-01-17 11:52:06,941] - logger.py] - INFO: 新建订单页面二下一步保存成功！
[2019-01-17 11:53:00,987] - logger.py] - INFO: 订单名称：测试自动化蓭拆 
[2019-01-17 11:53:07,705] - logger.py] - INFO: 订单pr合同号生成异常：None
[2019-01-17 11:53:07,735] - logger.py] - INFO: 名称：测试自动化蓭拆
[2019-01-17 11:53:38,258] - logger.py] - INFO: 元素定位失败:'new UiSelector().text("请上传与客户及门店合照")'
[2019-01-17 11:53:38,276] - logger.py] - INFO: 名称：测试自动化蓭拆
[2019-01-17 11:54:08,959] - logger.py] - INFO: 元素定位失败:'new UiSelector().text("请选择...")'
[2019-01-17 11:54:30,543] - logger.py] - INFO: 连接服务器成功
[2019-01-17 11:54:30,560] - logger.py] - INFO: 订单流程开始
[2019-01-17 11:55:46,851] - logger.py] - INFO: 新建订单页面一下一步保存成功！
[2019-01-17 11:56:00,408] - logger.py] - INFO: 新建订单页面二下一步保存成功！
[2019-01-17 11:56:54,893] - logger.py] - INFO: 订单名称：测试自动化鱇惇 
[2019-01-17 11:57:01,561] - logger.py] - INFO: 订单pr合同号生成成功：None
[2019-01-17 11:57:01,634] - logger.py] - INFO: 名称：测试自动化鱇惇
[2019-01-17 11:57:32,161] - logger.py] - INFO: 客户信息页上传照片成功！
[2019-01-17 11:57:59,520] - logger.py] - INFO: 征信授权页保存失败或超时！
[2019-01-17 11:58:17,390] - logger.py] - INFO: PDF列表页提交预审保存完成,r合同生成成功
[2019-01-17 11:58:17,430] - logger.py] - INFO: 名称：测试自动化鱇惇
[2019-01-17 11:59:03,180] - logger.py] - INFO: 基本信息页下一步保存成功！
[2019-01-17 11:59:31,632] - logger.py] - INFO: 单位信息页下一步保存成功！
[2019-01-17 11:59:31,643] - logger.py] - INFO: 开始填写联系人信息
[2019-01-17 12:00:02,686] - logger.py] - INFO: 恭喜，填写联系人信息成功！！！
[2019-01-17 12:00:40,530] - logger.py] - INFO: 绑定银行卡页保存失败或超时！
[2019-01-17 12:01:11,033] - logger.py] - INFO: 元素定位失败:'com.giveu.corder:id/tv_innerCode'
[2019-01-17 12:01:35,007] - logger.py] - INFO: 连接服务器成功
[2019-01-17 12:01:35,021] - logger.py] - INFO: 订单流程开始
[2019-01-17 12:02:21,996] - logger.py] - INFO: 元素定位失败:'即享贷D'
[2019-01-17 12:02:22,062] - logger.py] - INFO: 名称：测试自动化鱇惇
[2019-01-17 12:02:53,038] - logger.py] - INFO: 元素定位失败:'new UiSelector().text("请上传与客户及门店合照")'
[2019-01-17 12:02:53,042] - logger.py] - INFO: 名称：测试自动化鱇惇
[2019-01-17 12:03:23,621] - logger.py] - INFO: 元素定位失败:'new UiSelector().text("请选择...")'
[2019-01-17 12:03:55,694] - logger.py] - INFO: 连接服务器成功
[2019-01-17 12:03:55,696] - logger.py] - INFO: 订单流程开始
[2019-01-17 12:05:14,586] - logger.py] - INFO: 新建订单页面一下一步保存成功！
[2019-01-17 12:05:26,790] - logger.py] - INFO: 新建订单页面二下一步保存成功！
[2019-01-17 12:06:21,029] - logger.py] - INFO: 订单名称：测试自动化嶺県 
[2019-01-17 12:06:27,762] - logger.py] - INFO: 订单pr合同号生成异常：None
[2019-01-17 12:06:27,788] - logger.py] - INFO: 名称：测试自动化嶺県
[2019-01-17 12:06:58,501] - logger.py] - INFO: 元素定位失败:'new UiSelector().text("请上传与客户及门店合照")'
[2019-01-17 12:06:58,506] - logger.py] - INFO: 名称：测试自动化嶺県
[2019-01-17 12:07:29,580] - logger.py] - INFO: 元素定位失败:'new UiSelector().text("请选择...")'
[2019-01-17 12:07:52,718] - logger.py] - INFO: 连接服务器成功
[2019-01-17 12:07:52,722] - logger.py] - INFO: 订单流程开始
[2019-01-17 12:09:08,404] - logger.py] - INFO: 新建订单页面一下一步保存成功！
[2019-01-17 12:09:22,319] - logger.py] - INFO: 新建订单页面二下一步保存成功！
[2019-01-17 12:10:14,149] - logger.py] - INFO: 订单名称：测试自动化髋瘹 
[2019-01-17 12:10:21,294] - logger.py] - INFO: 订单pr合同号生成异常：None
[2019-01-17 12:10:21,560] - logger.py] - INFO: 名称：测试自动化髋瘹
[2019-01-17 12:10:52,138] - logger.py] - INFO: 元素定位失败:'new UiSelector().text("请上传与客户及门店合照")'
[2019-01-17 12:10:52,144] - logger.py] - INFO: 名称：测试自动化髋瘹
[2019-01-17 12:11:22,981] - logger.py] - INFO: 元素定位失败:'new UiSelector().text("请选择...")'
[2019-01-17 14:21:48,276] - logger.py] - INFO: 即有宝提单开始执行
[2019-01-17 14:22:14,118] - logger.py] - INFO: 连接服务器成功
[2019-01-17 14:22:14,121] - logger.py] - INFO: 订单流程开始
[2019-01-17 14:23:33,951] - logger.py] - INFO: 新建订单页面一下一步保存成功！
[2019-01-17 14:23:49,744] - logger.py] - INFO: 新建订单页面二下一步保存成功！
[2019-01-17 14:24:43,804] - logger.py] - INFO: 订单名称：测试自动化鷠犉 
[2019-01-17 14:24:50,624] - logger.py] - INFO: 订单pr合同号生成异常：None
[2019-01-17 14:24:50,694] - logger.py] - INFO: 名称：测试自动化鷠犉
[2019-01-17 14:25:21,985] - logger.py] - INFO: 元素定位失败:'new UiSelector().text("请上传与客户及门店合照")'
[2019-01-17 14:25:21,992] - logger.py] - INFO: 名称：测试自动化鷠犉
[2019-01-17 14:25:52,576] - logger.py] - INFO: 元素定位失败:'new UiSelector().text("请选择...")'
[2019-01-17 15:09:58,755] - logger.py] - INFO: 即有宝提单开始执行
[2019-01-17 15:12:08,132] - logger.py] - INFO: 即有宝提单开始执行
[2019-01-17 15:12:30,901] - logger.py] - INFO: 连接服务器成功
[2019-01-17 15:12:30,901] - logger.py] - INFO: 订单流程开始
[2019-01-17 15:13:46,929] - logger.py] - INFO: 新建订单页面一下一步保存成功！
[2019-01-17 15:14:01,778] - logger.py] - INFO: 新建订单页面二下一步保存成功！
[2019-01-17 15:15:07,093] - logger.py] - INFO: 订单名称：测试自动化帡升 
[2019-01-17 15:15:14,196] - logger.py] - INFO: 订单pr合同号生成异常：None
[2019-01-17 15:15:14,226] - logger.py] - INFO: 名称：测试自动化帡升
[2019-01-17 15:15:44,797] - logger.py] - INFO: 元素定位失败:'new UiSelector().text("请上传与客户及门店合照")'
[2019-01-17 15:15:44,797] - logger.py] - INFO: 名称：测试自动化帡升
[2019-01-17 15:16:15,385] - logger.py] - INFO: 元素定位失败:'new UiSelector().text("请选择...")'
[2019-01-17 15:22:08,329] - logger.py] - INFO: 即有宝提单开始执行
[2019-01-17 15:22:52,625] - logger.py] - INFO: 即有宝提单开始执行
[2019-01-17 15:23:18,479] - logger.py] - INFO: 连接服务器成功
[2019-01-17 15:23:18,479] - logger.py] - INFO: 订单流程开始
[2019-01-17 15:24:03,877] - logger.py] - INFO: 元素定位失败:'即享贷D'
[2019-01-17 15:24:04,247] - logger.py] - INFO: 名称：测试自动化帡升
[2019-01-17 15:24:34,820] - logger.py] - INFO: 元素定位失败:'new UiSelector().text("请上传与客户及门店合照")'
[2019-01-17 15:24:34,820] - logger.py] - INFO: 名称：测试自动化帡升
[2019-01-17 15:25:11,956] - logger.py] - INFO: 元素定位失败:'com.giveu.corder:id/tv_address'
[2019-01-17 15:25:42,957] - logger.py] - INFO: 即有宝提单开始执行
[2019-01-17 15:26:08,584] - logger.py] - INFO: 连接服务器成功
[2019-01-17 15:26:08,584] - logger.py] - INFO: 订单流程开始
[2019-01-17 15:26:52,453] - logger.py] - INFO: 元素定位失败:'即享贷D'
[2019-01-17 15:26:52,513] - logger.py] - INFO: 名称：测试自动化帡升
[2019-01-17 15:27:23,000] - logger.py] - INFO: 元素定位失败:'new UiSelector().text("请上传与客户及门店合照")'
[2019-01-17 15:27:23,000] - logger.py] - INFO: 名称：测试自动化帡升
[2019-01-17 15:27:53,504] - logger.py] - INFO: 元素定位失败:'new UiSelector().text("请选择...")'
[2019-01-17 15:36:19,455] - logger.py] - INFO: 即有宝提单开始执行
[2019-01-17 15:36:48,330] - logger.py] - INFO: 连接服务器成功
[2019-01-17 15:36:48,333] - logger.py] - INFO: 订单流程开始
[2019-01-17 15:38:06,087] - logger.py] - INFO: 新建订单页面一下一步保存成功！
[2019-01-17 15:38:19,562] - logger.py] - INFO: 新建订单页面二下一步保存成功！
[2019-01-17 15:39:14,486] - logger.py] - INFO: 订单名称：测试自动化囘稇 
[2019-01-17 15:39:21,174] - logger.py] - INFO: 订单pr合同号生成异常：None
[2019-01-17 15:39:21,605] - logger.py] - INFO: 名称：测试自动化囘稇
[2019-01-17 15:39:52,052] - logger.py] - INFO: 元素定位失败:'new UiSelector().text("请上传与客户及门店合照")'
[2019-01-17 15:39:52,058] - logger.py] - INFO: 名称：测试自动化囘稇
[2019-01-17 15:40:23,067] - logger.py] - INFO: 元素定位失败:'new UiSelector().text("请选择...")'
[2019-01-17 18:01:19,806] - logger.py] - INFO: 即有宝提单开始执行
[2019-01-17 18:01:50,194] - logger.py] - INFO: 连接服务器成功
[2019-01-17 18:01:50,197] - logger.py] - INFO: 订单流程开始
[2019-01-17 18:02:40,796] - logger.py] - INFO: 元素定位失败:'手机'
[2019-01-17 18:02:52,472] - logger.py] - INFO: 名称：测试自动化囘稇
[2019-01-17 18:03:22,858] - logger.py] - INFO: 元素定位失败:'new UiSelector().text("请上传与客户及门店合照")'
[2019-01-17 18:03:22,863] - logger.py] - INFO: 名称：测试自动化囘稇
[2019-01-17 18:03:54,374] - logger.py] - INFO: 元素定位失败:'com.giveu.corder:id/tv_address'
[2019-01-17 18:04:15,518] - logger.py] - INFO: 即有宝提单开始执行
