[2019-01-14 11:44:12,199] - logger.py] - INFO: 即有宝提单开始执行
[2019-01-14 11:44:21,585] - logger.py] - INFO: 连接服务器失败
[2019-01-14 11:44:21,597] - logger.py] - INFO: 订单流程开始
[2019-01-14 11:44:26,697] - logger.py] - INFO: 名称：自动查簟鰌
[2019-01-14 11:44:26,895] - logger.py] - INFO: 名称：自动查簟鰌
[2019-01-14 13:46:40,198] - logger.py] - INFO: 即有宝提单开始执行
[2019-01-14 13:46:48,804] - logger.py] - INFO: 连接服务器失败
[2019-01-14 13:46:48,815] - logger.py] - INFO: 订单流程开始
[2019-01-14 13:46:53,831] - logger.py] - INFO: 名称：自动查簟鰌
[2019-01-14 13:46:54,000] - logger.py] - INFO: 名称：自动查簟鰌
[2019-01-14 14:55:43,256] - logger.py] - INFO: 即有生活开始执行
[2019-01-14 14:57:33,210] - logger.py] - INFO: 即有生活开始执行
[2019-01-14 15:05:04,026] - logger.py] - INFO: 即有生活开始执行
[2019-01-14 15:09:01,436] - logger.py] - INFO: 即有生活开始执行
[2019-01-14 15:14:15,807] - logger.py] - INFO: 即有生活开始执行
[2019-01-14 15:16:34,527] - logger.py] - INFO: 即有生活开始执行
[2019-01-14 15:20:57,902] - logger.py] - INFO: 即有生活开始执行
[2019-01-14 15:26:00,263] - logger.py] - INFO: 即有生活开始执行
[2019-01-14 15:30:50,812] - logger.py] - INFO: 即有生活开始执行
[2019-01-14 15:33:35,779] - logger.py] - INFO: 即有生活开始执行
[2019-01-14 15:34:24,093] - logger.py] - INFO: 即有生活开始执行
[2019-01-14 15:36:11,878] - logger.py] - INFO: 即有生活开始执行
[2019-01-14 15:36:54,569] - logger.py] - INFO: 即有生活开始执行
[2019-01-14 15:40:59,895] - logger.py] - INFO: 即有生活开始执行
[2019-01-14 15:46:50,101] - logger.py] - INFO: 即有生活开始执行
[2019-01-14 15:54:25,704] - logger.py] - INFO: 即有生活开始执行
[2019-01-14 15:57:51,776] - logger.py] - INFO: 即有生活开始执行
[2019-01-14 15:58:59,744] - logger.py] - INFO: 即有生活开始执行
[2019-01-14 16:03:33,282] - logger.py] - INFO: 即有生活开始执行
[2019-01-14 16:03:44,890] - logger.py] - INFO: 即有生活开始执行
[2019-01-14 16:10:52,218] - logger.py] - INFO: 即有宝提单开始执行
[2019-01-14 16:11:01,117] - logger.py] - INFO: 连接服务器失败
[2019-01-14 16:11:01,129] - logger.py] - INFO: 订单流程开始
[2019-01-14 16:11:06,146] - logger.py] - INFO: 名称：自动查簟鰌
[2019-01-14 16:11:06,319] - logger.py] - INFO: 名称：自动查簟鰌
