[2019-01-18 13:52:48,664] - logger.py] - INFO: 即有宝提单开始执行
[2019-01-18 13:53:14,733] - logger.py] - INFO: 连接服务器成功
[2019-01-18 13:53:14,757] - logger.py] - INFO: 订单流程开始
[2019-01-18 13:54:17,647] - logger.py] - INFO: 元素定位失败:'com.giveu.corder:id/tv_choose_right'
[2019-01-18 13:54:17,747] - logger.py] - INFO: 名称：测试自动化囘稇
[2019-01-18 13:54:48,275] - logger.py] - INFO: 元素定位失败:'new UiSelector().text("请上传与客户及门店合照")'
[2019-01-18 13:54:48,292] - logger.py] - INFO: 名称：测试自动化囘稇
[2019-01-18 13:55:18,723] - logger.py] - INFO: 元素定位失败:'new UiSelector().text("请选择...")'
[2019-01-18 16:04:00,814] - logger.py] - INFO: 即有宝提单开始执行
[2019-01-18 16:04:30,620] - logger.py] - INFO: 连接服务器成功
[2019-01-18 16:04:30,658] - logger.py] - INFO: 订单流程开始
[2019-01-18 16:05:45,281] - logger.py] - INFO: 新建订单页面一下一步保存成功！
[2019-01-18 16:06:02,412] - logger.py] - INFO: 新建订单页面二下一步保存成功！
[2019-01-18 16:07:05,004] - logger.py] - INFO: 订单名称：测试自动化前袕 
[2019-01-18 16:07:11,972] - logger.py] - INFO: 订单pr合同号生成异常：None
[2019-01-18 16:07:12,052] - logger.py] - INFO: 名称：测试自动化前袕
[2019-01-18 16:07:42,248] - logger.py] - INFO: 元素定位失败:'new UiSelector().text("请上传与客户及门店合照")'
[2019-01-18 16:07:42,264] - logger.py] - INFO: 名称：测试自动化前袕
[2019-01-18 16:08:13,166] - logger.py] - INFO: 元素定位失败:'new UiSelector().text("请选择...")'
[2019-01-18 17:46:51,269] - logger.py] - INFO: 即有宝提单开始执行
[2019-01-18 17:47:15,611] - logger.py] - INFO: 连接服务器成功
[2019-01-18 17:47:15,653] - logger.py] - INFO: 订单流程开始
[2019-01-18 17:48:32,632] - logger.py] - INFO: 新建订单页面一下一步保存成功！
[2019-01-18 17:48:49,793] - logger.py] - INFO: 新建订单页面二下一步保存成功！
[2019-01-18 17:50:14,411] - logger.py] - INFO: 订单名称：测试自动化柋踗 
[2019-01-18 17:50:21,313] - logger.py] - INFO: 订单pr合同号生成异常：None
[2019-01-18 17:50:21,422] - logger.py] - INFO: 名称：测试自动化柋踗
[2019-01-18 17:50:51,917] - logger.py] - INFO: 元素定位失败:'new UiSelector().text("请上传与客户及门店合照")'
[2019-01-18 17:50:51,932] - logger.py] - INFO: 名称：测试自动化柋踗
[2019-01-18 17:51:22,283] - logger.py] - INFO: 元素定位失败:'new UiSelector().text("请选择...")'
[2019-01-18 18:07:10,874] - logger.py] - INFO: 即有宝提单开始执行
[2019-01-18 18:07:32,096] - logger.py] - INFO: 连接服务器成功
[2019-01-18 18:07:32,113] - logger.py] - INFO: 订单流程开始
[2019-01-18 18:08:36,142] - logger.py] - INFO: 元素定位失败:'com.giveu.corder:id/tv_right'
[2019-01-18 18:08:36,159] - logger.py] - INFO: 名称：测试自动化柋踗
[2019-01-18 18:09:06,538] - logger.py] - INFO: 元素定位失败:'new UiSelector().text("请上传与客户及门店合照")'
[2019-01-18 18:09:06,553] - logger.py] - INFO: 名称：测试自动化柋踗
[2019-01-18 18:09:37,567] - logger.py] - INFO: 元素定位失败:'com.giveu.corder:id/tv_address'
[2019-01-18 18:13:11,239] - logger.py] - INFO: 即有宝提单开始执行
[2019-01-18 18:14:48,652] - logger.py] - INFO: 即有宝提单开始执行
[2019-01-18 18:15:12,084] - logger.py] - INFO: 连接服务器成功
[2019-01-18 18:15:12,097] - logger.py] - INFO: 订单流程开始
[2019-01-18 18:16:28,929] - logger.py] - INFO: 新建订单页面一下一步保存成功！
[2019-01-18 18:16:45,965] - logger.py] - INFO: 新建订单页面二下一步保存成功！
[2019-01-18 18:17:42,969] - logger.py] - INFO: 订单名称：测试自动化價咨 
[2019-01-18 18:17:50,203] - logger.py] - INFO: 订单pr合同号生成异常：None
[2019-01-18 18:17:50,235] - logger.py] - INFO: 名称：测试自动化價咨
[2019-01-18 18:18:20,481] - logger.py] - INFO: 元素定位失败:'new UiSelector().text("请上传与客户及门店合照")'
[2019-01-18 18:18:20,498] - logger.py] - INFO: 名称：测试自动化價咨
[2019-01-18 18:18:50,895] - logger.py] - INFO: 元素定位失败:'new UiSelector().text("请选择...")'
[2019-01-18 18:32:06,849] - logger.py] - INFO: 即有宝提单开始执行
[2019-01-18 18:32:29,827] - logger.py] - INFO: 连接服务器成功
[2019-01-18 18:32:29,849] - logger.py] - INFO: 订单流程开始
[2019-01-18 18:33:43,266] - logger.py] - INFO: 新建订单页面一下一步保存成功！
[2019-01-18 18:34:00,330] - logger.py] - INFO: 新建订单页面二下一步保存成功！
[2019-01-18 18:34:59,850] - logger.py] - INFO: 订单名称：测试自动化獞鯩 
[2019-01-18 18:35:06,890] - logger.py] - INFO: 订单pr合同号生成异常：None
[2019-01-18 18:35:06,930] - logger.py] - INFO: 名称：测试自动化獞鯩
[2019-01-18 18:35:37,324] - logger.py] - INFO: 元素定位失败:'new UiSelector().text("请上传与客户及门店合照")'
[2019-01-18 18:35:37,339] - logger.py] - INFO: 名称：测试自动化獞鯩
[2019-01-18 18:36:07,916] - logger.py] - INFO: 元素定位失败:'new UiSelector().text("请选择...")'
