[2019-01-10 18:13:26,483] - logger.py] - INFO: 即有宝提单开始执行
[2019-01-10 18:13:57,579] - logger.py] - INFO: 连接服务器成功
[2019-01-10 18:13:57,589] - logger.py] - INFO: 订单流程开始
[2019-01-10 18:14:58,874] - logger.py] - INFO: 新建订单页面一下一步保存成功！
[2019-01-10 18:15:08,040] - logger.py] - INFO: 新建订单页面二下一步保存成功！
[2019-01-10 18:15:27,919] - logger.py] - INFO: 新建订单页面三下一步保存成功！
[2019-01-10 18:16:23,356] - logger.py] - INFO: 订单名称：自动查簟鰌 
[2019-01-10 18:16:29,883] - logger.py] - INFO: 订单pr合同号生成成功：None
[2019-01-10 18:16:29,933] - logger.py] - INFO: 名称：自动查簟鰌
[2019-01-10 18:17:00,314] - logger.py] - INFO: 客户信息页上传照片失败或超时！
[2019-01-10 18:17:35,035] - logger.py] - INFO: 征信授权页保存失败或超时！
[2019-01-10 18:17:50,875] - logger.py] - INFO: PDF列表页提交预审,r合同生成失败
[2019-01-10 18:17:50,885] - logger.py] - INFO: 名称：自动查簟鰌
[2019-01-10 18:18:25,697] - logger.py] - INFO: 元素定位失败:'new UiSelector().text("未婚")'
[2019-01-10 18:18:51,015] - logger.py] - INFO: 连接服务器成功
[2019-01-10 18:18:51,025] - logger.py] - INFO: 订单流程开始
[2019-01-10 18:19:58,539] - logger.py] - INFO: 即有宝提单开始执行
[2019-01-10 18:20:07,667] - logger.py] - INFO: 连接服务器失败
[2019-01-10 18:20:07,677] - logger.py] - INFO: 订单流程开始
[2019-01-10 18:20:12,688] - logger.py] - INFO: 名称：自动查簟鰌
[2019-01-10 18:20:12,878] - logger.py] - INFO: 名称：自动查簟鰌
[2019-01-10 18:20:17,689] - logger.py] - INFO: 连接服务器失败
[2019-01-10 18:20:17,699] - logger.py] - INFO: 订单流程开始
[2019-01-10 18:20:22,714] - logger.py] - INFO: 名称：自动查簟鰌
[2019-01-10 18:20:22,914] - logger.py] - INFO: 名称：自动查簟鰌
[2019-01-10 18:20:27,478] - logger.py] - INFO: 连接服务器失败
[2019-01-10 18:20:27,488] - logger.py] - INFO: 订单流程开始
[2019-01-10 18:20:32,499] - logger.py] - INFO: 名称：自动查簟鰌
[2019-01-10 18:20:32,669] - logger.py] - INFO: 名称：自动查簟鰌
[2019-01-10 18:20:36,454] - logger.py] - INFO: 连接服务器失败
[2019-01-10 18:20:36,464] - logger.py] - INFO: 订单流程开始
[2019-01-10 18:20:41,474] - logger.py] - INFO: 名称：自动查簟鰌
[2019-01-10 18:20:41,644] - logger.py] - INFO: 名称：自动查簟鰌
[2019-01-10 18:20:45,874] - logger.py] - INFO: 连接服务器失败
[2019-01-10 18:20:45,884] - logger.py] - INFO: 订单流程开始
[2019-01-10 18:20:50,894] - logger.py] - INFO: 名称：自动查簟鰌
[2019-01-10 18:20:51,064] - logger.py] - INFO: 名称：自动查簟鰌
[2019-01-10 18:20:54,954] - logger.py] - INFO: 连接服务器失败
[2019-01-10 18:20:54,964] - logger.py] - INFO: 订单流程开始
[2019-01-10 18:20:59,974] - logger.py] - INFO: 名称：自动查簟鰌
[2019-01-10 18:21:00,164] - logger.py] - INFO: 名称：自动查簟鰌
[2019-01-10 18:21:04,415] - logger.py] - INFO: 连接服务器失败
[2019-01-10 18:21:04,425] - logger.py] - INFO: 订单流程开始
[2019-01-10 18:21:09,444] - logger.py] - INFO: 名称：自动查簟鰌
[2019-01-10 18:21:09,614] - logger.py] - INFO: 名称：自动查簟鰌
