[2019-01-15 10:51:59,087] - logger.py] - INFO: 即有宝提单开始执行
[2019-01-15 10:52:08,289] - logger.py] - INFO: 连接服务器失败
[2019-01-15 10:52:08,299] - logger.py] - INFO: 订单流程开始
[2019-01-15 10:52:13,389] - logger.py] - INFO: 名称：自动查簟鰌
[2019-01-15 10:52:13,599] - logger.py] - INFO: 名称：自动查簟鰌
[2019-01-15 10:52:18,159] - logger.py] - INFO: 连接服务器失败
[2019-01-15 10:52:18,169] - logger.py] - INFO: 订单流程开始
[2019-01-15 10:52:23,179] - logger.py] - INFO: 名称：自动查簟鰌
[2019-01-15 10:52:23,349] - logger.py] - INFO: 名称：自动查簟鰌
[2019-01-15 10:52:27,929] - logger.py] - INFO: 连接服务器失败
[2019-01-15 10:52:27,939] - logger.py] - INFO: 订单流程开始
[2019-01-15 10:52:32,949] - logger.py] - INFO: 名称：自动查簟鰌
[2019-01-15 10:52:33,119] - logger.py] - INFO: 名称：自动查簟鰌
[2019-01-15 10:52:37,495] - logger.py] - INFO: 连接服务器失败
[2019-01-15 10:52:37,505] - logger.py] - INFO: 订单流程开始
[2019-01-15 10:52:42,517] - logger.py] - INFO: 名称：自动查簟鰌
[2019-01-15 10:52:42,687] - logger.py] - INFO: 名称：自动查簟鰌
[2019-01-15 10:52:46,487] - logger.py] - INFO: 连接服务器失败
[2019-01-15 10:52:46,497] - logger.py] - INFO: 订单流程开始
[2019-01-15 10:52:51,497] - logger.py] - INFO: 名称：自动查簟鰌
[2019-01-15 10:52:51,667] - logger.py] - INFO: 名称：自动查簟鰌
[2019-01-15 10:52:55,567] - logger.py] - INFO: 连接服务器失败
[2019-01-15 10:52:55,577] - logger.py] - INFO: 订单流程开始
[2019-01-15 10:53:00,587] - logger.py] - INFO: 名称：自动查簟鰌
[2019-01-15 10:53:00,757] - logger.py] - INFO: 名称：自动查簟鰌
[2019-01-15 10:53:04,587] - logger.py] - INFO: 连接服务器失败
[2019-01-15 10:53:04,597] - logger.py] - INFO: 订单流程开始
[2019-01-15 10:53:09,607] - logger.py] - INFO: 名称：自动查簟鰌
[2019-01-15 10:53:09,777] - logger.py] - INFO: 名称：自动查簟鰌
[2019-01-15 10:53:13,797] - logger.py] - INFO: 连接服务器失败
[2019-01-15 10:53:13,807] - logger.py] - INFO: 订单流程开始
[2019-01-15 10:53:18,817] - logger.py] - INFO: 名称：自动查簟鰌
[2019-01-15 10:53:18,987] - logger.py] - INFO: 名称：自动查簟鰌
[2019-01-15 10:53:22,587] - logger.py] - INFO: 连接服务器失败
[2019-01-15 10:53:22,597] - logger.py] - INFO: 订单流程开始
[2019-01-15 10:53:27,617] - logger.py] - INFO: 名称：自动查簟鰌
[2019-01-15 10:53:27,787] - logger.py] - INFO: 名称：自动查簟鰌
[2019-01-15 10:53:32,425] - logger.py] - INFO: 连接服务器失败
[2019-01-15 10:53:32,435] - logger.py] - INFO: 订单流程开始
[2019-01-15 10:53:37,447] - logger.py] - INFO: 名称：自动查簟鰌
[2019-01-15 10:53:37,617] - logger.py] - INFO: 名称：自动查簟鰌
[2019-01-15 10:53:41,344] - logger.py] - INFO: 连接服务器失败
[2019-01-15 10:53:41,354] - logger.py] - INFO: 订单流程开始
[2019-01-15 10:53:42,302] - logger.py] - INFO: 即有宝提单开始执行
[2019-01-15 11:03:26,452] - logger.py] - INFO: 即有宝提单开始执行
[2019-01-15 11:03:36,336] - logger.py] - INFO: 连接服务器失败
[2019-01-15 11:03:36,346] - logger.py] - INFO: 订单流程开始
[2019-01-15 11:03:41,347] - logger.py] - INFO: 名称：自动查簟鰌
[2019-01-15 11:03:41,584] - logger.py] - INFO: 名称：自动查簟鰌
[2019-01-15 11:03:46,146] - logger.py] - INFO: 连接服务器失败
[2019-01-15 11:03:46,160] - logger.py] - INFO: 订单流程开始
[2019-01-15 11:03:51,178] - logger.py] - INFO: 名称：自动查簟鰌
[2019-01-15 11:03:51,353] - logger.py] - INFO: 名称：自动查簟鰌
[2019-01-15 11:03:56,387] - logger.py] - INFO: 连接服务器失败
[2019-01-15 11:03:56,399] - logger.py] - INFO: 订单流程开始
[2019-01-15 11:04:01,418] - logger.py] - INFO: 名称：自动查簟鰌
[2019-01-15 11:04:01,601] - logger.py] - INFO: 名称：自动查簟鰌
[2019-01-15 11:04:07,431] - logger.py] - INFO: 连接服务器失败
[2019-01-15 11:04:07,443] - logger.py] - INFO: 订单流程开始
[2019-01-15 11:04:12,480] - logger.py] - INFO: 名称：自动查簟鰌
[2019-01-15 11:04:12,760] - logger.py] - INFO: 名称：自动查簟鰌
[2019-01-15 11:04:18,527] - logger.py] - INFO: 连接服务器失败
[2019-01-15 11:04:18,617] - logger.py] - INFO: 订单流程开始
[2019-01-15 11:04:23,613] - logger.py] - INFO: 名称：自动查簟鰌
[2019-01-15 11:04:23,803] - logger.py] - INFO: 名称：自动查簟鰌
[2019-01-15 11:04:28,670] - logger.py] - INFO: 连接服务器失败
[2019-01-15 11:04:28,681] - logger.py] - INFO: 订单流程开始
[2019-01-15 11:04:33,692] - logger.py] - INFO: 名称：自动查簟鰌
[2019-01-15 11:04:33,866] - logger.py] - INFO: 名称：自动查簟鰌
[2019-01-15 11:04:38,469] - logger.py] - INFO: 连接服务器失败
[2019-01-15 11:04:38,480] - logger.py] - INFO: 订单流程开始
[2019-01-15 11:04:43,510] - logger.py] - INFO: 名称：自动查簟鰌
[2019-01-15 11:04:43,680] - logger.py] - INFO: 名称：自动查簟鰌
[2019-01-15 11:04:49,436] - logger.py] - INFO: 连接服务器失败
[2019-01-15 11:04:49,446] - logger.py] - INFO: 订单流程开始
[2019-01-15 11:04:54,463] - logger.py] - INFO: 名称：自动查簟鰌
[2019-01-15 11:04:54,633] - logger.py] - INFO: 名称：自动查簟鰌
[2019-01-15 11:04:59,353] - logger.py] - INFO: 连接服务器失败
[2019-01-15 11:04:59,363] - logger.py] - INFO: 订单流程开始
[2019-01-15 11:05:04,377] - logger.py] - INFO: 名称：自动查簟鰌
[2019-01-15 11:05:04,547] - logger.py] - INFO: 名称：自动查簟鰌
[2019-01-15 11:05:08,897] - logger.py] - INFO: 连接服务器失败
[2019-01-15 11:05:08,907] - logger.py] - INFO: 订单流程开始
[2019-01-15 11:05:13,917] - logger.py] - INFO: 名称：自动查簟鰌
[2019-01-15 11:05:14,087] - logger.py] - INFO: 名称：自动查簟鰌
[2019-01-15 11:05:18,607] - logger.py] - INFO: 连接服务器失败
[2019-01-15 11:05:18,617] - logger.py] - INFO: 订单流程开始
[2019-01-15 11:05:23,627] - logger.py] - INFO: 名称：自动查簟鰌
[2019-01-15 11:05:23,797] - logger.py] - INFO: 名称：自动查簟鰌
[2019-01-15 16:51:02,987] - logger.py] - INFO: 即有宝提单开始执行
[2019-01-15 16:51:27,255] - logger.py] - INFO: 连接服务器成功
[2019-01-15 16:51:27,265] - logger.py] - INFO: 订单流程开始
[2019-01-15 16:52:27,452] - logger.py] - INFO: 新建订单页面一下一步保存失败或超时！
[2019-01-15 16:52:30,608] - logger.py] - INFO: 元素定位失败:'12'
[2019-01-15 16:52:30,945] - logger.py] - INFO: 名称：自动查簟鰌
[2019-01-15 16:53:01,591] - logger.py] - INFO: 元素定位失败:'new UiSelector().text("请上传与客户及门店合照")'
[2019-01-15 16:53:01,615] - logger.py] - INFO: 名称：自动查簟鰌
[2019-01-15 16:53:31,926] - logger.py] - INFO: 元素定位失败:'new UiSelector().text("请选择...")'
[2019-01-15 16:55:00,952] - logger.py] - INFO: 即有宝提单开始执行
[2019-01-15 16:55:25,951] - logger.py] - INFO: 连接服务器成功
[2019-01-15 16:55:25,963] - logger.py] - INFO: 订单流程开始
[2019-01-15 16:56:32,155] - logger.py] - INFO: 新建订单页面一下一步保存失败或超时！
[2019-01-15 16:56:34,951] - logger.py] - INFO: 元素定位失败:'12'
[2019-01-15 16:57:05,319] - logger.py] - INFO: 元素定位失败:'com.giveu.corder:id/tv_installment_next'
[2019-01-15 16:57:05,342] - logger.py] - INFO: 名称：自动查簟鰌
[2019-01-15 16:57:36,073] - logger.py] - INFO: 元素定位失败:'new UiSelector().text("请上传与客户及门店合照")'
[2019-01-15 16:57:36,086] - logger.py] - INFO: 名称：自动查簟鰌
[2019-01-15 17:10:02,879] - logger.py] - INFO: 即有宝提单开始执行
[2019-01-15 17:10:26,426] - logger.py] - INFO: 连接服务器成功
[2019-01-15 17:10:26,436] - logger.py] - INFO: 订单流程开始
[2019-01-15 17:10:36,468] - logger.py] - INFO: 名称：自动查簟鰌
[2019-01-15 17:10:36,508] - logger.py] - INFO: 名称：自动查簟鰌
[2019-01-15 17:10:52,900] - logger.py] - INFO: 即有宝提单开始执行
[2019-01-15 17:11:28,822] - logger.py] - INFO: 即有宝提单开始执行
[2019-01-15 17:11:52,113] - logger.py] - INFO: 连接服务器成功
[2019-01-15 17:11:52,123] - logger.py] - INFO: 订单流程开始
[2019-01-15 17:12:02,086] - logger.py] - INFO: 名称：自动查簟鰌
[2019-01-15 17:12:02,126] - logger.py] - INFO: 名称：自动查簟鰌
[2019-01-15 17:12:23,326] - logger.py] - INFO: 即有宝提单开始执行
[2019-01-15 17:12:46,869] - logger.py] - INFO: 连接服务器成功
[2019-01-15 17:12:46,879] - logger.py] - INFO: 订单流程开始
[2019-01-15 17:12:56,809] - logger.py] - INFO: 名称：自动查簟鰌
[2019-01-15 17:12:56,849] - logger.py] - INFO: 名称：自动查簟鰌
[2019-01-15 17:18:06,161] - logger.py] - INFO: 即有宝提单开始执行
[2019-01-15 17:18:29,695] - logger.py] - INFO: 连接服务器成功
[2019-01-15 17:18:29,705] - logger.py] - INFO: 订单流程开始
[2019-01-15 17:18:39,695] - logger.py] - INFO: 名称：自动查簟鰌
[2019-01-15 17:18:39,735] - logger.py] - INFO: 名称：自动查簟鰌
[2019-01-15 17:23:00,100] - logger.py] - INFO: 即有宝提单开始执行
[2019-01-15 17:23:24,084] - logger.py] - INFO: 连接服务器成功
[2019-01-15 17:23:24,094] - logger.py] - INFO: 订单流程开始
[2019-01-15 17:24:30,498] - logger.py] - INFO: 新建订单页面一下一步保存失败或超时！
[2019-01-15 17:24:33,309] - logger.py] - INFO: 元素定位失败:'12'
[2019-01-15 17:25:04,059] - logger.py] - INFO: 元素定位失败:'com.giveu.corder:id/tv_installment_next'
[2019-01-15 17:25:04,075] - logger.py] - INFO: 名称：自动查簟鰌
[2019-01-15 17:25:34,538] - logger.py] - INFO: 元素定位失败:'new UiSelector().text("请上传与客户及门店合照")'
[2019-01-15 17:25:34,551] - logger.py] - INFO: 名称：自动查簟鰌
[2019-01-15 17:26:05,204] - logger.py] - INFO: 元素定位失败:'new UiSelector().text("请选择...")'
[2019-01-15 17:36:45,573] - logger.py] - INFO: 即有宝提单开始执行
[2019-01-15 17:37:08,972] - logger.py] - INFO: 连接服务器成功
[2019-01-15 17:37:08,992] - logger.py] - INFO: 订单流程开始
[2019-01-15 17:38:24,834] - logger.py] - INFO: 新建订单页面一下一步保存成功！
[2019-01-15 17:39:01,235] - logger.py] - INFO: 元素定位失败:'com.giveu.corder:id/tv_installment_next'
[2019-01-15 17:39:01,245] - logger.py] - INFO: 名称：自动查簟鰌
[2019-01-15 17:39:31,659] - logger.py] - INFO: 元素定位失败:'new UiSelector().text("请上传与客户及门店合照")'
[2019-01-15 17:39:31,669] - logger.py] - INFO: 名称：自动查簟鰌
[2019-01-15 17:40:02,385] - logger.py] - INFO: 元素定位失败:'new UiSelector().text("请选择...")'
[2019-01-15 18:29:19,705] - logger.py] - INFO: 即有宝提单开始执行
[2019-01-15 18:29:43,473] - logger.py] - INFO: 连接服务器成功
[2019-01-15 18:29:43,488] - logger.py] - INFO: 订单流程开始
[2019-01-15 18:31:00,319] - logger.py] - INFO: 新建订单页面一下一步保存成功！
[2019-01-15 18:31:40,186] - logger.py] - INFO: 元素定位失败:'com.giveu.corder:id/tv_installment_next'
[2019-01-15 18:31:40,241] - logger.py] - INFO: 名称：自动查簟鰌
[2019-01-15 18:32:10,637] - logger.py] - INFO: 元素定位失败:'new UiSelector().text("请上传与客户及门店合照")'
[2019-01-15 18:32:10,650] - logger.py] - INFO: 名称：自动查簟鰌
[2019-01-15 18:32:41,172] - logger.py] - INFO: 元素定位失败:'new UiSelector().text("请选择...")'
[2019-01-15 18:38:51,801] - logger.py] - INFO: 即有宝提单开始执行
[2019-01-15 18:39:14,735] - logger.py] - INFO: 连接服务器成功
[2019-01-15 18:39:14,755] - logger.py] - INFO: 订单流程开始
[2019-01-15 18:40:31,187] - logger.py] - INFO: 新建订单页面一下一步保存成功！
[2019-01-15 18:41:11,144] - logger.py] - INFO: 元素定位失败:'com.giveu.corder:id/tv_installment_next'
[2019-01-15 18:41:11,154] - logger.py] - INFO: 名称：自动查簟鰌
[2019-01-15 18:41:41,979] - logger.py] - INFO: 元素定位失败:'new UiSelector().text("请上传与客户及门店合照")'
[2019-01-15 18:41:41,989] - logger.py] - INFO: 名称：自动查簟鰌
[2019-01-15 18:42:13,373] - logger.py] - INFO: 元素定位失败:'new UiSelector().text("请选择...")'
[2019-01-15 18:42:37,936] - logger.py] - INFO: 即有宝提单开始执行
[2019-01-15 18:43:00,847] - logger.py] - INFO: 连接服务器成功
[2019-01-15 18:43:00,867] - logger.py] - INFO: 订单流程开始
[2019-01-15 18:44:19,468] - logger.py] - INFO: 新建订单页面一下一步保存成功！
[2019-01-15 18:44:35,508] - logger.py] - INFO: 新建订单页面二下一步保存成功！
[2019-01-15 18:45:30,748] - logger.py] - INFO: 订单名称：自动查羔讱 
[2019-01-15 18:45:37,478] - logger.py] - INFO: 订单pr合同号生成成功：None
[2019-01-15 18:45:37,518] - logger.py] - INFO: 名称：自动查羔讱
[2019-01-15 18:46:08,782] - logger.py] - INFO: 客户信息页上传照片失败或超时！
[2019-01-15 18:46:39,211] - logger.py] - INFO: 元素定位失败:'new UiSelector().text("获取授权码")'
[2019-01-15 18:46:39,231] - logger.py] - INFO: 名称：自动查羔讱
[2019-01-15 18:47:09,680] - logger.py] - INFO: 元素定位失败:'new UiSelector().text("请选择...")'
