[2019-01-11 15:00:45,283] - logger.py] - INFO: 即有宝提单开始执行
[2019-01-11 15:01:15,607] - logger.py] - INFO: 连接服务器成功
[2019-01-11 15:01:15,617] - logger.py] - INFO: 订单流程开始
[2019-01-11 15:02:32,711] - logger.py] - INFO: 名称：自动查簟鰌
[2019-01-11 15:02:33,910] - logger.py] - INFO: 名称：自动查簟鰌
[2019-01-11 15:02:40,254] - logger.py] - INFO: 连接服务器失败
[2019-01-11 15:02:40,264] - logger.py] - INFO: 订单流程开始
[2019-01-11 15:02:45,280] - logger.py] - INFO: 名称：自动查簟鰌
[2019-01-11 15:02:45,500] - logger.py] - INFO: 名称：自动查簟鰌
[2019-01-11 15:02:51,678] - logger.py] - INFO: 连接服务器失败
[2019-01-11 15:02:51,688] - logger.py] - INFO: 订单流程开始
[2019-01-11 15:02:56,698] - logger.py] - INFO: 名称：自动查簟鰌
[2019-01-11 15:02:56,878] - logger.py] - INFO: 名称：自动查簟鰌
[2019-01-11 15:03:01,558] - logger.py] - INFO: 连接服务器失败
[2019-01-11 15:03:01,568] - logger.py] - INFO: 订单流程开始
[2019-01-11 15:03:06,578] - logger.py] - INFO: 名称：自动查簟鰌
[2019-01-11 15:03:06,758] - logger.py] - INFO: 名称：自动查簟鰌
[2019-01-11 15:03:10,928] - logger.py] - INFO: 连接服务器失败
[2019-01-11 15:03:10,938] - logger.py] - INFO: 订单流程开始
[2019-01-11 15:03:15,948] - logger.py] - INFO: 名称：自动查簟鰌
[2019-01-11 15:03:16,128] - logger.py] - INFO: 名称：自动查簟鰌
[2019-01-11 15:03:21,741] - logger.py] - INFO: 连接服务器失败
[2019-01-11 15:03:21,752] - logger.py] - INFO: 订单流程开始
[2019-01-11 15:03:26,766] - logger.py] - INFO: 名称：自动查簟鰌
[2019-01-11 15:03:26,980] - logger.py] - INFO: 名称：自动查簟鰌
[2019-01-11 15:03:33,491] - logger.py] - INFO: 连接服务器失败
[2019-01-11 15:03:33,501] - logger.py] - INFO: 订单流程开始
[2019-01-11 15:03:38,514] - logger.py] - INFO: 名称：自动查簟鰌
[2019-01-11 15:03:38,732] - logger.py] - INFO: 名称：自动查簟鰌
