[2019-01-16 11:14:06,214] - logger.py] - INFO: 即有宝提单开始执行
[2019-01-16 11:14:33,392] - logger.py] - INFO: 连接服务器成功
[2019-01-16 11:14:33,402] - logger.py] - INFO: 订单流程开始
[2019-01-16 11:15:50,391] - logger.py] - INFO: 新建订单页面一下一步保存成功！
[2019-01-16 11:16:08,461] - logger.py] - INFO: 新建订单页面二下一步保存成功！
[2019-01-16 11:17:02,457] - logger.py] - INFO: 订单名称：自动查墤栦 
[2019-01-16 11:17:09,411] - logger.py] - INFO: 订单pr合同号生成成功：21094665001
[2019-01-16 11:17:09,471] - logger.py] - INFO: 名称：自动查墤栦
[2019-01-16 11:17:40,545] - logger.py] - INFO: 客户信息页上传照片成功！
[2019-01-16 11:18:09,055] - logger.py] - INFO: 征信授权页保存成功！
[2019-01-16 11:18:22,820] - logger.py] - INFO: PDF列表页提交预审保存完成,r合同生成成功
[2019-01-16 11:18:22,840] - logger.py] - INFO: 名称：自动查墤栦
[2019-01-16 11:18:54,155] - logger.py] - INFO: 元素定位失败:'new UiSelector().text("未婚")'
[2019-01-16 11:19:19,675] - logger.py] - INFO: 连接服务器成功
[2019-01-16 11:19:19,690] - logger.py] - INFO: 订单流程开始
[2019-01-16 11:20:36,775] - logger.py] - INFO: 新建订单页面一下一步保存成功！
[2019-01-16 11:21:00,855] - logger.py] - INFO: 新建订单页面二下一步保存成功！
[2019-01-16 11:21:55,830] - logger.py] - INFO: 订单名称：自动查伖慙 
[2019-01-16 11:22:02,307] - logger.py] - INFO: 订单pr合同号生成成功：21094666001
[2019-01-16 11:22:02,437] - logger.py] - INFO: 名称：自动查伖慙
[2019-01-16 11:22:31,806] - logger.py] - INFO: 客户信息页上传照片成功！
[2019-01-16 11:22:58,923] - logger.py] - INFO: 征信授权页保存成功！
[2019-01-16 11:23:12,565] - logger.py] - INFO: PDF列表页提交预审保存完成,r合同生成成功
[2019-01-16 11:23:12,586] - logger.py] - INFO: 名称：自动查伖慙
[2019-01-16 11:23:43,607] - logger.py] - INFO: 元素定位失败:'new UiSelector().text("未婚")'
[2019-01-16 13:56:00,763] - logger.py] - INFO: 即有宝提单开始执行
[2019-01-16 13:56:26,677] - logger.py] - INFO: 连接服务器成功
[2019-01-16 13:56:26,687] - logger.py] - INFO: 订单流程开始
[2019-01-16 13:57:12,249] - logger.py] - INFO: 元素定位失败:'即享贷B'
[2019-01-16 13:57:12,470] - logger.py] - INFO: 名称：自动查伖慙
[2019-01-16 13:57:43,201] - logger.py] - INFO: 元素定位失败:'new UiSelector().text("请上传与客户及门店合照")'
[2019-01-16 13:57:43,211] - logger.py] - INFO: 名称：自动查伖慙
[2019-01-16 13:58:13,652] - logger.py] - INFO: 元素定位失败:'new UiSelector().text("请选择...")'
[2019-01-16 13:58:37,768] - logger.py] - INFO: 连接服务器成功
[2019-01-16 13:58:37,778] - logger.py] - INFO: 订单流程开始
[2019-01-16 13:59:56,572] - logger.py] - INFO: 新建订单页面一下一步保存成功！
[2019-01-16 14:00:17,242] - logger.py] - INFO: 新建订单页面二下一步保存成功！
[2019-01-16 14:01:11,133] - logger.py] - INFO: 订单名称：自动化脞峞 
[2019-01-16 14:01:17,844] - logger.py] - INFO: 订单pr合同号生成成功：21094669001
[2019-01-16 14:01:17,904] - logger.py] - INFO: 名称：自动化脞峞
[2019-01-16 14:01:47,650] - logger.py] - INFO: 客户信息页上传照片成功！
[2019-01-16 14:02:14,720] - logger.py] - INFO: 征信授权页保存失败或超时！
[2019-01-16 14:02:34,025] - logger.py] - INFO: PDF列表页提交预审保存完成,r合同生成成功
[2019-01-16 14:02:34,065] - logger.py] - INFO: 名称：自动化脞峞
[2019-01-16 14:03:18,429] - logger.py] - INFO: 基本信息页下一步保存成功！
[2019-01-16 14:03:47,605] - logger.py] - INFO: 单位信息页下一步保存成功！
[2019-01-16 14:03:47,615] - logger.py] - INFO: 开始填写联系人信息
[2019-01-16 14:04:18,794] - logger.py] - INFO: 恭喜，填写联系人信息成功！！！
[2019-01-16 14:04:57,342] - logger.py] - INFO: 绑定银行卡页保存失败或超时！
[2019-01-16 14:05:27,831] - logger.py] - INFO: 元素定位失败:'com.giveu.corder:id/tv_innerCode'
[2019-01-16 15:10:40,314] - logger.py] - INFO: 即有宝提单开始执行
[2019-01-16 15:11:08,506] - logger.py] - INFO: 连接服务器成功
[2019-01-16 15:11:08,518] - logger.py] - INFO: 订单流程开始
[2019-01-16 15:12:26,768] - logger.py] - INFO: 新建订单页面一下一步保存成功！
[2019-01-16 15:12:44,867] - logger.py] - INFO: 新建订单页面二下一步保存成功！
[2019-01-16 15:13:43,188] - logger.py] - INFO: 订单名称：测试自动化虰拟 
[2019-01-16 15:13:52,068] - logger.py] - INFO: 订单pr合同号生成成功：None
[2019-01-16 15:13:52,180] - logger.py] - INFO: 名称：测试自动化虰拟
[2019-01-16 15:14:23,336] - logger.py] - INFO: 客户信息页上传照片成功！
[2019-01-16 15:14:53,655] - logger.py] - INFO: 征信授权页保存失败或超时！
[2019-01-16 15:15:08,929] - logger.py] - INFO: PDF列表页提交预审,r合同生成失败
[2019-01-16 15:15:08,977] - logger.py] - INFO: 名称：测试自动化虰拟
[2019-01-16 15:16:05,494] - logger.py] - INFO: 基本信息页下一步保存成功！
[2019-01-16 15:16:33,139] - logger.py] - INFO: 单位信息页下一步保存成功！
[2019-01-16 15:16:33,149] - logger.py] - INFO: 开始填写联系人信息
[2019-01-16 15:17:03,973] - logger.py] - INFO: 恭喜，填写联系人信息成功！！！
[2019-01-16 15:17:41,475] - logger.py] - INFO: 绑定银行卡页保存失败或超时！
[2019-01-16 15:18:11,710] - logger.py] - INFO: 元素定位失败:'com.giveu.corder:id/tv_innerCode'
[2019-01-16 15:18:37,804] - logger.py] - INFO: 连接服务器成功
[2019-01-16 15:18:37,814] - logger.py] - INFO: 订单流程开始
[2019-01-16 15:19:21,757] - logger.py] - INFO: 元素定位失败:'即享贷D'
[2019-01-16 15:19:21,817] - logger.py] - INFO: 名称：测试自动化虰拟
[2019-01-16 15:19:52,227] - logger.py] - INFO: 元素定位失败:'new UiSelector().text("请上传与客户及门店合照")'
[2019-01-16 15:19:52,237] - logger.py] - INFO: 名称：测试自动化虰拟
[2019-01-16 15:20:23,178] - logger.py] - INFO: 元素定位失败:'com.giveu.corder:id/tv_address'
[2019-01-16 15:41:36,526] - logger.py] - INFO: 即有宝提单开始执行
[2019-01-16 15:42:01,301] - logger.py] - INFO: 连接服务器成功
[2019-01-16 15:42:01,311] - logger.py] - INFO: 订单流程开始
[2019-01-16 15:43:19,413] - logger.py] - INFO: 新建订单页面一下一步保存成功！
[2019-01-16 15:43:37,195] - logger.py] - INFO: 新建订单页面二下一步保存成功！
[2019-01-16 15:44:30,704] - logger.py] - INFO: 订单名称：测试自动化笚媏 
[2019-01-16 15:44:37,674] - logger.py] - INFO: 订单pr合同号生成成功：None
[2019-01-16 15:44:37,714] - logger.py] - INFO: 名称：测试自动化笚媏
[2019-01-16 15:45:08,640] - logger.py] - INFO: 客户信息页上传照片成功！
[2019-01-16 15:45:36,931] - logger.py] - INFO: 征信授权页保存失败或超时！
[2019-01-16 15:46:07,492] - logger.py] - INFO: 元素定位失败:'new UiSelector().text("提交预审")'
[2019-01-16 15:46:07,522] - logger.py] - INFO: 名称：测试自动化笚媏
[2019-01-16 15:46:38,157] - logger.py] - INFO: 元素定位失败:'new UiSelector().text("请选择...")'
[2019-01-16 15:47:03,867] - logger.py] - INFO: 连接服务器成功
[2019-01-16 15:47:03,887] - logger.py] - INFO: 订单流程开始
[2019-01-16 15:47:49,177] - logger.py] - INFO: 元素定位失败:'即享贷D'
[2019-01-16 15:47:49,227] - logger.py] - INFO: 名称：测试自动化笚媏
[2019-01-16 15:48:20,049] - logger.py] - INFO: 元素定位失败:'new UiSelector().text("请上传与客户及门店合照")'
[2019-01-16 15:48:20,059] - logger.py] - INFO: 名称：测试自动化笚媏
[2019-01-16 15:48:50,429] - logger.py] - INFO: 元素定位失败:'new UiSelector().text("请选择...")'
[2019-01-16 15:54:47,131] - logger.py] - INFO: 即有宝提单开始执行
[2019-01-16 15:55:30,541] - logger.py] - INFO: 即有宝提单开始执行
[2019-01-16 15:55:55,180] - logger.py] - INFO: 连接服务器成功
[2019-01-16 15:55:55,190] - logger.py] - INFO: 订单流程开始
[2019-01-16 15:56:39,131] - logger.py] - INFO: 元素定位失败:'即享贷B'
[2019-01-16 15:56:39,181] - logger.py] - INFO: 名称：测试自动化笚媏
[2019-01-16 15:57:09,741] - logger.py] - INFO: 元素定位失败:'new UiSelector().text("请上传与客户及门店合照")'
[2019-01-16 15:57:09,751] - logger.py] - INFO: 名称：测试自动化笚媏
[2019-01-16 15:57:40,260] - logger.py] - INFO: 元素定位失败:'new UiSelector().text("请选择...")'
[2019-01-16 15:58:04,793] - logger.py] - INFO: 连接服务器成功
[2019-01-16 15:58:04,803] - logger.py] - INFO: 订单流程开始
[2019-01-16 15:59:24,256] - logger.py] - INFO: 新建订单页面一下一步保存成功！
[2019-01-16 15:59:48,004] - logger.py] - INFO: 新建订单页面二下一步保存成功！
[2019-01-16 16:00:42,243] - logger.py] - INFO: 订单名称：测试自动化瀦銤 
[2019-01-16 16:00:49,062] - logger.py] - INFO: 订单pr合同号生成成功：21094675001
[2019-01-16 16:00:49,102] - logger.py] - INFO: 名称：测试自动化瀦銤
[2019-01-16 16:01:18,892] - logger.py] - INFO: 客户信息页上传照片成功！
[2019-01-16 16:01:45,704] - logger.py] - INFO: 征信授权页保存失败或超时！
[2019-01-16 16:02:16,081] - logger.py] - INFO: 元素定位失败:'new UiSelector().text("提交预审")'
[2019-01-16 16:02:16,101] - logger.py] - INFO: 名称：测试自动化瀦銤
[2019-01-16 16:02:46,737] - logger.py] - INFO: 元素定位失败:'new UiSelector().text("请选择...")'
[2019-01-16 16:09:11,655] - logger.py] - INFO: 即有宝提单开始执行
[2019-01-16 16:09:35,491] - logger.py] - INFO: 连接服务器成功
[2019-01-16 16:09:35,511] - logger.py] - INFO: 订单流程开始
[2019-01-16 16:10:23,237] - logger.py] - INFO: 元素定位失败:'即享贷B'
[2019-01-16 16:10:23,317] - logger.py] - INFO: 名称：测试自动化瀦銤
[2019-01-16 16:10:53,587] - logger.py] - INFO: 元素定位失败:'new UiSelector().text("请上传与客户及门店合照")'
[2019-01-16 16:10:53,597] - logger.py] - INFO: 名称：测试自动化瀦銤
[2019-01-16 16:11:24,280] - logger.py] - INFO: 元素定位失败:'new UiSelector().text("请选择...")'
[2019-01-16 16:11:48,846] - logger.py] - INFO: 连接服务器成功
[2019-01-16 16:11:48,856] - logger.py] - INFO: 订单流程开始
[2019-01-16 16:13:07,086] - logger.py] - INFO: 新建订单页面一下一步保存成功！
[2019-01-16 16:13:27,357] - logger.py] - INFO: 新建订单页面二下一步保存成功！
[2019-01-16 16:14:22,303] - logger.py] - INFO: 订单名称：测试自动化炀硪 
[2019-01-16 16:14:28,997] - logger.py] - INFO: 订单pr合同号生成成功：21094678001
[2019-01-16 16:14:29,060] - logger.py] - INFO: 名称：测试自动化炀硪
[2019-01-16 16:15:00,374] - logger.py] - INFO: 客户信息页上传照片失败或超时！
[2019-01-16 16:15:35,054] - logger.py] - INFO: 征信授权页保存失败或超时！
[2019-01-16 16:16:05,753] - logger.py] - INFO: 元素定位失败:'new UiSelector().text("提交预审")'
[2019-01-16 16:16:05,763] - logger.py] - INFO: 名称：测试自动化炀硪
[2019-01-16 16:16:36,524] - logger.py] - INFO: 元素定位失败:'new UiSelector().text("请选择...")'
[2019-01-16 16:18:14,054] - logger.py] - INFO: 即有宝提单开始执行
[2019-01-16 16:18:38,330] - logger.py] - INFO: 连接服务器成功
[2019-01-16 16:18:38,350] - logger.py] - INFO: 订单流程开始
[2019-01-16 16:19:56,796] - logger.py] - INFO: 新建订单页面一下一步保存成功！
[2019-01-16 16:19:57,904] - logger.py] - INFO: 元素定位失败:'9'
[2019-01-16 16:20:18,354] - logger.py] - INFO: 新建订单页面二下一步保存成功！
[2019-01-16 16:21:11,293] - logger.py] - INFO: 订单名称：测试自动化葹糀 
[2019-01-16 16:21:18,365] - logger.py] - INFO: 订单pr合同号生成成功：21094679001
[2019-01-16 16:21:18,425] - logger.py] - INFO: 名称：测试自动化葹糀
[2019-01-16 16:21:47,810] - logger.py] - INFO: 客户信息页上传照片成功！
[2019-01-16 16:22:14,548] - logger.py] - INFO: 征信授权页保存失败或超时！
[2019-01-16 16:22:33,720] - logger.py] - INFO: PDF列表页提交预审保存完成,r合同生成成功
[2019-01-16 16:22:33,750] - logger.py] - INFO: 名称：测试自动化葹糀
[2019-01-16 16:23:17,985] - logger.py] - INFO: 基本信息页下一步保存成功！
[2019-01-16 16:23:46,972] - logger.py] - INFO: 单位信息页下一步保存成功！
[2019-01-16 16:23:46,992] - logger.py] - INFO: 开始填写联系人信息
[2019-01-16 16:24:18,173] - logger.py] - INFO: 恭喜，填写联系人信息成功！！！
[2019-01-16 16:24:55,839] - logger.py] - INFO: 绑定银行卡页保存失败或超时！
[2019-01-16 16:25:27,033] - logger.py] - INFO: 元素定位失败:'com.giveu.corder:id/tv_innerCode'
[2019-01-16 16:25:50,435] - logger.py] - INFO: 连接服务器成功
[2019-01-16 16:25:50,455] - logger.py] - INFO: 订单流程开始
[2019-01-16 16:27:07,357] - logger.py] - INFO: 新建订单页面一下一步保存成功！
[2019-01-16 16:27:31,397] - logger.py] - INFO: 新建订单页面二下一步保存成功！
[2019-01-16 16:28:26,552] - logger.py] - INFO: 订单名称：测试自动化葼檚 
[2019-01-16 16:28:33,436] - logger.py] - INFO: 订单pr合同号生成成功：21094681001
[2019-01-16 16:28:33,846] - logger.py] - INFO: 名称：测试自动化葼檚
[2019-01-16 16:29:03,530] - logger.py] - INFO: 客户信息页上传照片成功！
[2019-01-16 16:29:29,798] - logger.py] - INFO: 征信授权页保存成功！
[2019-01-16 16:29:43,815] - logger.py] - INFO: PDF列表页提交预审保存完成,r合同生成成功
[2019-01-16 16:29:43,845] - logger.py] - INFO: 名称：测试自动化葼檚
[2019-01-16 16:30:28,748] - logger.py] - INFO: 基本信息页下一步保存成功！
[2019-01-16 16:46:14,796] - logger.py] - INFO: 即有宝提单开始执行
[2019-01-16 16:46:40,055] - logger.py] - INFO: 连接服务器成功
[2019-01-16 16:46:40,075] - logger.py] - INFO: 订单流程开始
[2019-01-16 16:47:54,736] - logger.py] - INFO: 新建订单页面一下一步保存成功！
[2019-01-16 16:47:55,838] - logger.py] - INFO: 元素定位失败:'9'
[2019-01-16 16:48:17,526] - logger.py] - INFO: 新建订单页面二下一步保存成功！
[2019-01-16 16:49:12,311] - logger.py] - INFO: 订单名称：测试自动化償叝 
[2019-01-16 16:49:19,826] - logger.py] - INFO: 订单pr合同号生成成功：None
[2019-01-16 16:49:19,866] - logger.py] - INFO: 名称：测试自动化償叝
[2019-01-16 16:49:49,615] - logger.py] - INFO: 客户信息页上传照片成功！
[2019-01-16 16:50:16,709] - logger.py] - INFO: 征信授权页保存失败或超时！
[2019-01-16 16:50:35,323] - logger.py] - INFO: PDF列表页提交预审保存完成,r合同生成成功
[2019-01-16 16:50:35,353] - logger.py] - INFO: 名称：测试自动化償叝
[2019-01-16 16:51:21,453] - logger.py] - INFO: 基本信息页下一步保存成功！
[2019-01-16 16:51:49,614] - logger.py] - INFO: 单位信息页下一步保存成功！
[2019-01-16 16:51:49,624] - logger.py] - INFO: 开始填写联系人信息
[2019-01-16 16:52:20,803] - logger.py] - INFO: 恭喜，填写联系人信息成功！！！
[2019-01-16 16:53:02,956] - logger.py] - INFO: 绑定银行卡页保存成功！
[2019-01-16 16:53:13,097] - logger.py] - INFO: 其他信息页保存成功！
[2019-01-16 16:53:14,702] - logger.py] - INFO: 跳过授权保存成功！
[2019-01-16 16:53:45,307] - logger.py] - INFO: 元素定位失败:'com.giveu.corder:id/et_time'
[2019-01-16 16:54:12,654] - logger.py] - INFO: 连接服务器成功
[2019-01-16 16:54:12,674] - logger.py] - INFO: 订单流程开始
[2019-01-16 16:54:20,235] - logger.py] - INFO: 名称：测试自动化償叝
[2019-01-16 16:54:21,437] - logger.py] - INFO: 名称：测试自动化償叝
[2019-01-16 17:02:03,646] - logger.py] - INFO: 即有宝提单开始执行
[2019-01-16 17:02:32,040] - logger.py] - INFO: 连接服务器成功
[2019-01-16 17:02:32,050] - logger.py] - INFO: 订单流程开始
[2019-01-16 17:03:46,901] - logger.py] - INFO: 新建订单页面一下一步保存成功！
[2019-01-16 17:03:48,175] - logger.py] - INFO: 元素定位失败:'9'
[2019-01-16 17:04:06,868] - logger.py] - INFO: 新建订单页面二下一步保存成功！
[2019-01-16 17:05:00,430] - logger.py] - INFO: 订单名称：测试自动化蟙蔮 
[2019-01-16 17:05:07,101] - logger.py] - INFO: 订单pr合同号生成成功：21094688001
[2019-01-16 17:05:07,131] - logger.py] - INFO: 名称：测试自动化蟙蔮
[2019-01-16 17:05:37,381] - logger.py] - INFO: 客户信息页上传照片成功！
[2019-01-16 17:06:03,538] - logger.py] - INFO: 征信授权页保存成功！
[2019-01-16 17:06:17,678] - logger.py] - INFO: PDF列表页提交预审保存完成,r合同生成成功
[2019-01-16 17:06:17,708] - logger.py] - INFO: 名称：测试自动化蟙蔮
[2019-01-16 17:07:03,173] - logger.py] - INFO: 基本信息页下一步保存成功！
[2019-01-16 17:07:31,783] - logger.py] - INFO: 单位信息页下一步保存成功！
[2019-01-16 17:07:31,803] - logger.py] - INFO: 开始填写联系人信息
[2019-01-16 17:08:01,651] - logger.py] - INFO: 恭喜，填写联系人信息成功！！！
[2019-01-16 17:08:39,231] - logger.py] - INFO: 绑定银行卡页保存成功！
[2019-01-16 17:08:49,501] - logger.py] - INFO: 其他信息页保存成功！
[2019-01-16 17:08:51,102] - logger.py] - INFO: 跳过授权保存成功！
[2019-01-16 17:08:57,625] - logger.py] - INFO: 小问卷保存失败或超时！
[2019-01-16 17:09:28,164] - logger.py] - INFO: 元素定位失败:'com.giveu.corder:id/iv_photo'
[2019-01-16 17:09:53,845] - logger.py] - INFO: 连接服务器成功
[2019-01-16 17:09:53,865] - logger.py] - INFO: 订单流程开始
[2019-01-16 17:11:09,136] - logger.py] - INFO: 新建订单页面一下一步保存成功！
[2019-01-16 17:11:31,444] - logger.py] - INFO: 新建订单页面二下一步保存成功！
[2019-01-16 17:12:26,275] - logger.py] - INFO: 订单名称：测试自动化曆弓 
[2019-01-16 17:12:32,896] - logger.py] - INFO: 订单pr合同号生成成功：21094689001
[2019-01-16 17:12:32,946] - logger.py] - INFO: 名称：测试自动化曆弓
[2019-01-16 17:13:02,629] - logger.py] - INFO: 客户信息页上传照片成功！
[2019-01-16 17:13:29,726] - logger.py] - INFO: 征信授权页保存失败或超时！
[2019-01-16 17:14:00,571] - logger.py] - INFO: 元素定位失败:'new UiSelector().text("提交预审")'
[2019-01-16 17:14:00,581] - logger.py] - INFO: 名称：测试自动化曆弓
[2019-01-16 17:14:31,145] - logger.py] - INFO: 元素定位失败:'new UiSelector().text("请选择...")'
[2019-01-16 18:03:48,372] - logger.py] - INFO: 即有宝提单开始执行
[2019-01-16 18:04:13,452] - logger.py] - INFO: 连接服务器成功
[2019-01-16 18:04:13,468] - logger.py] - INFO: 订单流程开始
[2019-01-16 18:05:32,296] - logger.py] - INFO: 新建订单页面一下一步保存成功！
[2019-01-16 18:05:33,446] - logger.py] - INFO: 元素定位失败:'9'
[2019-01-16 18:05:53,468] - logger.py] - INFO: 新建订单页面二下一步保存失败或超时！
[2019-01-16 18:06:24,153] - logger.py] - INFO: 元素定位失败:'com.giveu.corder:id/iv_loading_front'
[2019-01-16 18:06:24,169] - logger.py] - INFO: 名称：测试自动化曆弓
[2019-01-16 18:06:54,880] - logger.py] - INFO: 元素定位失败:'new UiSelector().text("请上传与客户及门店合照")'
[2019-01-16 18:06:54,896] - logger.py] - INFO: 名称：测试自动化曆弓
[2019-01-16 18:07:25,887] - logger.py] - INFO: 元素定位失败:'new UiSelector().text("请选择...")'
[2019-01-16 18:07:53,385] - logger.py] - INFO: 连接服务器成功
[2019-01-16 18:07:53,400] - logger.py] - INFO: 订单流程开始
[2019-01-16 18:09:10,265] - logger.py] - INFO: 新建订单页面一下一步保存失败或超时！
[2019-01-16 18:09:11,688] - logger.py] - INFO: 元素定位失败:'12'
[2019-01-16 18:09:42,488] - logger.py] - INFO: 元素定位失败:'new UiSelector().text("确定")'
[2019-01-16 18:09:42,508] - logger.py] - INFO: 名称：测试自动化曆弓
[2019-01-16 18:10:13,304] - logger.py] - INFO: 元素定位失败:'new UiSelector().text("请上传与客户及门店合照")'
[2019-01-16 18:10:13,314] - logger.py] - INFO: 名称：测试自动化曆弓
[2019-01-16 18:10:43,768] - logger.py] - INFO: 元素定位失败:'new UiSelector().text("请选择...")'
